{"/Users/samyak/Desktop/prototype/aura-eco-tracker/src/components/Navigation.tsx": {"path":"/Users/samyak/Desktop/prototype/aura-eco-tracker/src/components/Navigation.tsx","statementMap":{"0":{"start":{"line":10,"column":2},"end":{"line":75,"column":null}},"1":{"start":{"line":31,"column":14},"end":{"line":31,"column":null}},"2":{"start":{"line":35,"column":14},"end":{"line":38,"column":null}},"3":{"start":{"line":47,"column":14},"end":{"line":47,"column":null}},"4":{"start":{"line":51,"column":14},"end":{"line":54,"column":null}},"5":{"start":{"line":63,"column":14},"end":{"line":63,"column":null}},"6":{"start":{"line":67,"column":14},"end":{"line":70,"column":null}}},"fnMap":{"0":{"name":"Navigation","decl":{"start":{"line":9,"column":24},"end":{"line":9,"column":37}},"loc":{"start":{"line":9,"column":37},"end":{"line":77,"column":null}},"line":9},"1":{"name":"(anonymous_1)","decl":{"start":{"line":30,"column":12},"end":{"line":30,"column":24}},"loc":{"start":{"line":31,"column":14},"end":{"line":31,"column":null}},"line":31},"2":{"name":"(anonymous_2)","decl":{"start":{"line":34,"column":14},"end":{"line":34,"column":16}},"loc":{"start":{"line":35,"column":14},"end":{"line":38,"column":null}},"line":35},"3":{"name":"(anonymous_3)","decl":{"start":{"line":46,"column":12},"end":{"line":46,"column":24}},"loc":{"start":{"line":47,"column":14},"end":{"line":47,"column":null}},"line":47},"4":{"name":"(anonymous_4)","decl":{"start":{"line":50,"column":14},"end":{"line":50,"column":16}},"loc":{"start":{"line":51,"column":14},"end":{"line":54,"column":null}},"line":51},"5":{"name":"(anonymous_5)","decl":{"start":{"line":62,"column":12},"end":{"line":62,"column":24}},"loc":{"start":{"line":63,"column":14},"end":{"line":63,"column":null}},"line":63},"6":{"name":"(anonymous_6)","decl":{"start":{"line":66,"column":14},"end":{"line":66,"column":16}},"loc":{"start":{"line":67,"column":14},"end":{"line":70,"column":null}},"line":67}},"branchMap":{"0":{"loc":{"start":{"line":31,"column":228},"end":{"line":31,"column":null}},"type":"cond-expr","locations":[{"start":{"line":31,"column":239},"end":{"line":31,"column":254}},{"start":{"line":31,"column":254},"end":{"line":31,"column":null}}],"line":31},"1":{"loc":{"start":{"line":37,"column":17},"end":{"line":38,"column":null}},"type":"binary-expr","locations":[{"start":{"line":37,"column":17},"end":{"line":37,"column":29}},{"start":{"line":37,"column":29},"end":{"line":38,"column":null}}],"line":37},"2":{"loc":{"start":{"line":47,"column":228},"end":{"line":47,"column":null}},"type":"cond-expr","locations":[{"start":{"line":47,"column":239},"end":{"line":47,"column":254}},{"start":{"line":47,"column":254},"end":{"line":47,"column":null}}],"line":47},"3":{"loc":{"start":{"line":53,"column":17},"end":{"line":54,"column":null}},"type":"binary-expr","locations":[{"start":{"line":53,"column":17},"end":{"line":53,"column":29}},{"start":{"line":53,"column":29},"end":{"line":54,"column":null}}],"line":53},"4":{"loc":{"start":{"line":63,"column":228},"end":{"line":63,"column":null}},"type":"cond-expr","locations":[{"start":{"line":63,"column":239},"end":{"line":63,"column":254}},{"start":{"line":63,"column":254},"end":{"line":63,"column":null}}],"line":63},"5":{"loc":{"start":{"line":69,"column":17},"end":{"line":70,"column":null}},"type":"binary-expr","locations":[{"start":{"line":69,"column":17},"end":{"line":69,"column":29}},{"start":{"line":69,"column":29},"end":{"line":70,"column":null}}],"line":69}},"s":{"0":1,"1":1,"2":1,"3":1,"4":1,"5":1,"6":1},"f":{"0":1,"1":1,"2":1,"3":1,"4":1,"5":1,"6":1},"b":{"0":[0,1],"1":[1,0],"2":[0,1],"3":[1,0],"4":[0,1],"5":[1,0]},"meta":{"lastBranch":6,"lastFunction":7,"lastStatement":7,"seen":{"f:9:24:9:37":0,"s:10:2:75:Infinity":0,"f:30:12:30:24":1,"s:31:14:31:Infinity":1,"b:31:239:31:254:31:254:31:Infinity":0,"f:34:14:34:16":2,"s:35:14:38:Infinity":2,"b:37:17:37:29:37:29:38:Infinity":1,"f:46:12:46:24":3,"s:47:14:47:Infinity":3,"b:47:239:47:254:47:254:47:Infinity":2,"f:50:14:50:16":4,"s:51:14:54:Infinity":4,"b:53:17:53:29:53:29:54:Infinity":3,"f:62:12:62:24":5,"s:63:14:63:Infinity":5,"b:63:239:63:254:63:254:63:Infinity":4,"f:66:14:66:16":6,"s:67:14:70:Infinity":6,"b:69:17:69:29:69:29:70:Infinity":5}}}
,"/Users/samyak/Desktop/prototype/aura-eco-tracker/src/components/SwipeTracker.tsx": {"path":"/Users/samyak/Desktop/prototype/aura-eco-tracker/src/components/SwipeTracker.tsx","statementMap":{"0":{"start":{"line":8,"column":72},"end":{"line":17,"column":null}},"1":{"start":{"line":20,"column":10},"end":{"line":20,"column":null}},"2":{"start":{"line":21,"column":23},"end":{"line":21,"column":null}},"3":{"start":{"line":22,"column":8},"end":{"line":22,"column":null}},"4":{"start":{"line":23,"column":8},"end":{"line":23,"column":null}},"5":{"start":{"line":26,"column":8},"end":{"line":26,"column":null}},"6":{"start":{"line":27,"column":8},"end":{"line":27,"column":null}},"7":{"start":{"line":28,"column":8},"end":{"line":28,"column":null}},"8":{"start":{"line":30,"column":2},"end":{"line":49,"column":null}},"9":{"start":{"line":31,"column":4},"end":{"line":47,"column":null}},"10":{"start":{"line":42,"column":25},"end":{"line":42,"column":null}},"11":{"start":{"line":51,"column":24},"end":{"line":51,"column":null}},"12":{"start":{"line":53,"column":24},"end":{"line":72,"column":null}},"13":{"start":{"line":54,"column":19},"end":{"line":54,"column":null}},"14":{"start":{"line":55,"column":21},"end":{"line":55,"column":null}},"15":{"start":{"line":57,"column":4},"end":{"line":71,"column":null}},"16":{"start":{"line":59,"column":6},"end":{"line":59,"column":null}},"17":{"start":{"line":60,"column":6},"end":{"line":60,"column":null}},"18":{"start":{"line":61,"column":6},"end":{"line":61,"column":null}},"19":{"start":{"line":61,"column":32},"end":{"line":61,"column":40}},"20":{"start":{"line":62,"column":6},"end":{"line":62,"column":null}},"21":{"start":{"line":63,"column":11},"end":{"line":71,"column":null}},"22":{"start":{"line":65,"column":6},"end":{"line":65,"column":null}},"23":{"start":{"line":66,"column":6},"end":{"line":66,"column":null}},"24":{"start":{"line":66,"column":32},"end":{"line":66,"column":40}},"25":{"start":{"line":67,"column":6},"end":{"line":67,"column":null}},"26":{"start":{"line":70,"column":6},"end":{"line":70,"column":null}},"27":{"start":{"line":76,"column":2},"end":{"line":100,"column":null}}},"fnMap":{"0":{"name":"SwipeTracker","decl":{"start":{"line":19,"column":24},"end":{"line":19,"column":39}},"loc":{"start":{"line":19,"column":39},"end":{"line":102,"column":null}},"line":19},"1":{"name":"(anonymous_1)","decl":{"start":{"line":42,"column":10},"end":{"line":42,"column":25}},"loc":{"start":{"line":42,"column":25},"end":{"line":42,"column":null}},"line":42},"2":{"name":"(anonymous_2)","decl":{"start":{"line":53,"column":24},"end":{"line":53,"column":31}},"loc":{"start":{"line":53,"column":97},"end":{"line":72,"column":null}},"line":53},"3":{"name":"(anonymous_3)","decl":{"start":{"line":61,"column":6},"end":{"line":61,"column":23}},"loc":{"start":{"line":61,"column":32},"end":{"line":61,"column":40}},"line":61},"4":{"name":"(anonymous_4)","decl":{"start":{"line":66,"column":6},"end":{"line":66,"column":23}},"loc":{"start":{"line":66,"column":32},"end":{"line":66,"column":40}},"line":66}},"branchMap":{"0":{"loc":{"start":{"line":30,"column":2},"end":{"line":49,"column":null}},"type":"if","locations":[{"start":{"line":30,"column":2},"end":{"line":49,"column":null}},{"start":{},"end":{}}],"line":30},"1":{"loc":{"start":{"line":57,"column":4},"end":{"line":71,"column":null}},"type":"if","locations":[{"start":{"line":57,"column":4},"end":{"line":71,"column":null}},{"start":{"line":63,"column":11},"end":{"line":71,"column":null}}],"line":57},"2":{"loc":{"start":{"line":57,"column":8},"end":{"line":57,"column":40}},"type":"binary-expr","locations":[{"start":{"line":57,"column":8},"end":{"line":57,"column":24}},{"start":{"line":57,"column":24},"end":{"line":57,"column":40}}],"line":57},"3":{"loc":{"start":{"line":63,"column":11},"end":{"line":71,"column":null}},"type":"if","locations":[{"start":{"line":63,"column":11},"end":{"line":71,"column":null}},{"start":{"line":68,"column":11},"end":{"line":71,"column":null}}],"line":63},"4":{"loc":{"start":{"line":63,"column":15},"end":{"line":63,"column":49}},"type":"binary-expr","locations":[{"start":{"line":63,"column":15},"end":{"line":63,"column":32}},{"start":{"line":63,"column":32},"end":{"line":63,"column":49}}],"line":63}},"s":{"0":1,"1":1,"2":1,"3":1,"4":1,"5":1,"6":1,"7":1,"8":1,"9":0,"10":0,"11":1,"12":1,"13":0,"14":0,"15":0,"16":0,"17":0,"18":0,"19":0,"20":0,"21":0,"22":0,"23":0,"24":0,"25":0,"26":0,"27":1},"f":{"0":1,"1":0,"2":0,"3":0,"4":0},"b":{"0":[0,1],"1":[0,0],"2":[0,0],"3":[0,0],"4":[0,0]},"meta":{"lastBranch":5,"lastFunction":5,"lastStatement":28,"seen":{"s:8:72:17:Infinity":0,"f:19:24:19:39":0,"s:20:10:20:Infinity":1,"s:21:23:21:Infinity":2,"s:22:8:22:Infinity":3,"s:23:8:23:Infinity":4,"s:26:8:26:Infinity":5,"s:27:8:27:Infinity":6,"s:28:8:28:Infinity":7,"b:30:2:49:Infinity:undefined:undefined:undefined:undefined":0,"s:30:2:49:Infinity":8,"s:31:4:47:Infinity":9,"f:42:10:42:25":1,"s:42:25:42:Infinity":10,"s:51:24:51:Infinity":11,"s:53:24:72:Infinity":12,"f:53:24:53:31":2,"s:54:19:54:Infinity":13,"s:55:21:55:Infinity":14,"b:57:4:71:Infinity:63:11:71:Infinity":1,"s:57:4:71:Infinity":15,"b:57:8:57:24:57:24:57:40":2,"s:59:6:59:Infinity":16,"s:60:6:60:Infinity":17,"s:61:6:61:Infinity":18,"f:61:6:61:23":3,"s:61:32:61:40":19,"s:62:6:62:Infinity":20,"b:63:11:71:Infinity:68:11:71:Infinity":3,"s:63:11:71:Infinity":21,"b:63:15:63:32:63:32:63:49":4,"s:65:6:65:Infinity":22,"s:66:6:66:Infinity":23,"f:66:6:66:23":4,"s:66:32:66:40":24,"s:67:6:67:Infinity":25,"s:70:6:70:Infinity":26,"s:76:2:100:Infinity":27}}}
,"/Users/samyak/Desktop/prototype/aura-eco-tracker/src/config/constants.ts": {"path":"/Users/samyak/Desktop/prototype/aura-eco-tracker/src/config/constants.ts","statementMap":{"0":{"start":{"line":1,"column":29},"end":{"line":10,"column":null}}},"fnMap":{},"branchMap":{},"s":{"0":2},"f":{},"b":{},"meta":{"lastBranch":0,"lastFunction":0,"lastStatement":1,"seen":{"s:1:29:10:Infinity":0}}}
,"/Users/samyak/Desktop/prototype/aura-eco-tracker/src/config/firebase.ts": {"path":"/Users/samyak/Desktop/prototype/aura-eco-tracker/src/config/firebase.ts","statementMap":{"0":{"start":{"line":5,"column":23},"end":{"line":12,"column":null}},"1":{"start":{"line":14,"column":6},"end":{"line":14,"column":null}},"2":{"start":{"line":15,"column":13},"end":{"line":15,"column":null}},"3":{"start":{"line":16,"column":13},"end":{"line":16,"column":null}}},"fnMap":{},"branchMap":{},"s":{"0":3,"1":3,"2":3,"3":3},"f":{},"b":{},"meta":{"lastBranch":0,"lastFunction":0,"lastStatement":4,"seen":{"s:5:23:12:Infinity":0,"s:14:6:14:Infinity":1,"s:15:13:15:Infinity":2,"s:16:13:16:Infinity":3}}}
,"/Users/samyak/Desktop/prototype/aura-eco-tracker/src/context/EcoContext.tsx": {"path":"/Users/samyak/Desktop/prototype/aura-eco-tracker/src/context/EcoContext.tsx","statementMap":{"0":{"start":{"line":35,"column":31},"end":{"line":63,"column":null}},"1":{"start":{"line":65,"column":13},"end":{"line":65,"column":null}},"2":{"start":{"line":67,"column":13},"end":{"line":67,"column":null}},"3":{"start":{"line":69,"column":13},"end":{"line":197,"column":null}},"4":{"start":{"line":70,"column":16},"end":{"line":70,"column":null}},"5":{"start":{"line":71,"column":17},"end":{"line":71,"column":null}},"6":{"start":{"line":72,"column":18},"end":{"line":72,"column":null}},"7":{"start":{"line":73,"column":17},"end":{"line":73,"column":null}},"8":{"start":{"line":74,"column":19},"end":{"line":76,"column":null}},"9":{"start":{"line":75,"column":4},"end":{"line":75,"column":null}},"10":{"start":{"line":77,"column":17},"end":{"line":77,"column":null}},"11":{"start":{"line":80,"column":2},"end":{"line":95,"column":null}},"12":{"start":{"line":81,"column":4},"end":{"line":84,"column":null}},"13":{"start":{"line":82,"column":6},"end":{"line":82,"column":null}},"14":{"start":{"line":83,"column":6},"end":{"line":83,"column":null}},"15":{"start":{"line":86,"column":10},"end":{"line":92,"column":null}},"16":{"start":{"line":87,"column":6},"end":{"line":91,"column":null}},"17":{"start":{"line":88,"column":8},"end":{"line":88,"column":null}},"18":{"start":{"line":90,"column":8},"end":{"line":90,"column":null}},"19":{"start":{"line":94,"column":4},"end":{"line":94,"column":null}},"20":{"start":{"line":94,"column":17},"end":{"line":94,"column":null}},"21":{"start":{"line":98,"column":2},"end":{"line":128,"column":null}},"22":{"start":{"line":99,"column":4},"end":{"line":99,"column":null}},"23":{"start":{"line":99,"column":17},"end":{"line":99,"column":null}},"24":{"start":{"line":101,"column":10},"end":{"line":101,"column":null}},"25":{"start":{"line":103,"column":10},"end":{"line":125,"column":null}},"26":{"start":{"line":104,"column":6},"end":{"line":118,"column":null}},"27":{"start":{"line":105,"column":21},"end":{"line":105,"column":null}},"28":{"start":{"line":106,"column":8},"end":{"line":106,"column":null}},"29":{"start":{"line":107,"column":8},"end":{"line":107,"column":null}},"30":{"start":{"line":108,"column":8},"end":{"line":108,"column":null}},"31":{"start":{"line":109,"column":8},"end":{"line":109,"column":null}},"32":{"start":{"line":112,"column":8},"end":{"line":117,"column":null}},"33":{"start":{"line":117,"column":24},"end":{"line":117,"column":70}},"34":{"start":{"line":119,"column":6},"end":{"line":119,"column":null}},"35":{"start":{"line":121,"column":6},"end":{"line":121,"column":null}},"36":{"start":{"line":123,"column":6},"end":{"line":123,"column":null}},"37":{"start":{"line":124,"column":6},"end":{"line":124,"column":null}},"38":{"start":{"line":127,"column":4},"end":{"line":127,"column":null}},"39":{"start":{"line":127,"column":17},"end":{"line":127,"column":null}},"40":{"start":{"line":130,"column":20},"end":{"line":169,"column":null}},"41":{"start":{"line":131,"column":21},"end":{"line":131,"column":null}},"42":{"start":{"line":132,"column":36},"end":{"line":137,"column":null}},"43":{"start":{"line":138,"column":23},"end":{"line":138,"column":null}},"44":{"start":{"line":140,"column":23},"end":{"line":140,"column":null}},"45":{"start":{"line":141,"column":22},"end":{"line":149,"column":null}},"46":{"start":{"line":142,"column":6},"end":{"line":147,"column":null}},"47":{"start":{"line":143,"column":25},"end":{"line":143,"column":null}},"48":{"start":{"line":144,"column":28},"end":{"line":144,"column":null}},"49":{"start":{"line":145,"column":8},"end":{"line":145,"column":null}},"50":{"start":{"line":145,"column":25},"end":{"line":145,"column":null}},"51":{"start":{"line":146,"column":8},"end":{"line":146,"column":null}},"52":{"start":{"line":148,"column":6},"end":{"line":148,"column":null}},"53":{"start":{"line":151,"column":22},"end":{"line":151,"column":null}},"54":{"start":{"line":154,"column":4},"end":{"line":154,"column":null}},"55":{"start":{"line":155,"column":4},"end":{"line":155,"column":null}},"56":{"start":{"line":156,"column":4},"end":{"line":156,"column":null}},"57":{"start":{"line":157,"column":4},"end":{"line":157,"column":null}},"58":{"start":{"line":160,"column":4},"end":{"line":168,"column":null}},"59":{"start":{"line":161,"column":14},"end":{"line":161,"column":null}},"60":{"start":{"line":162,"column":8},"end":{"line":167,"column":null}},"61":{"start":{"line":171,"column":20},"end":{"line":186,"column":null}},"62":{"start":{"line":172,"column":4},"end":{"line":172,"column":null}},"63":{"start":{"line":173,"column":4},"end":{"line":173,"column":null}},"64":{"start":{"line":174,"column":4},"end":{"line":174,"column":null}},"65":{"start":{"line":175,"column":4},"end":{"line":175,"column":null}},"66":{"start":{"line":177,"column":4},"end":{"line":185,"column":null}},"67":{"start":{"line":178,"column":14},"end":{"line":178,"column":null}},"68":{"start":{"line":179,"column":8},"end":{"line":184,"column":null}},"69":{"start":{"line":188,"column":2},"end":{"line":190,"column":null}},"70":{"start":{"line":189,"column":5},"end":{"line":189,"column":null}},"71":{"start":{"line":192,"column":2},"end":{"line":195,"column":null}}},"fnMap":{"0":{"name":"(anonymous_0)","decl":{"start":{"line":61,"column":2},"end":{"line":61,"column":19}},"loc":{"start":{"line":61,"column":19},"end":{"line":61,"column":null}},"line":61},"1":{"name":"(anonymous_1)","decl":{"start":{"line":62,"column":2},"end":{"line":62,"column":19}},"loc":{"start":{"line":62,"column":19},"end":{"line":62,"column":null}},"line":62},"2":{"name":"(anonymous_2)","decl":{"start":{"line":67,"column":13},"end":{"line":67,"column":28}},"loc":{"start":{"line":67,"column":13},"end":{"line":67,"column":null}},"line":67},"3":{"name":"(anonymous_3)","decl":{"start":{"line":69,"column":13},"end":{"line":69,"column":69}},"loc":{"start":{"line":69,"column":86},"end":{"line":197,"column":null}},"line":69},"4":{"name":"(anonymous_4)","decl":{"start":{"line":74,"column":34},"end":{"line":74,"column":49}},"loc":{"start":{"line":74,"column":49},"end":{"line":76,"column":3}},"line":74},"5":{"name":"(anonymous_5)","decl":{"start":{"line":80,"column":2},"end":{"line":80,"column":18}},"loc":{"start":{"line":80,"column":18},"end":{"line":95,"column":5}},"line":80},"6":{"name":"(anonymous_6)","decl":{"start":{"line":86,"column":47},"end":{"line":86,"column":54}},"loc":{"start":{"line":86,"column":63},"end":{"line":92,"column":5}},"line":86},"7":{"name":"(anonymous_7)","decl":{"start":{"line":94,"column":4},"end":{"line":94,"column":17}},"loc":{"start":{"line":94,"column":17},"end":{"line":94,"column":null}},"line":94},"8":{"name":"(anonymous_8)","decl":{"start":{"line":98,"column":2},"end":{"line":98,"column":18}},"loc":{"start":{"line":98,"column":18},"end":{"line":128,"column":5}},"line":98},"9":{"name":"(anonymous_9)","decl":{"start":{"line":103,"column":37},"end":{"line":103,"column":50}},"loc":{"start":{"line":103,"column":62},"end":{"line":120,"column":8}},"line":103},"10":{"name":"(anonymous_10)","decl":{"start":{"line":117,"column":11},"end":{"line":117,"column":17}},"loc":{"start":{"line":117,"column":24},"end":{"line":117,"column":70}},"line":117},"11":{"name":"(anonymous_11)","decl":{"start":{"line":120,"column":4},"end":{"line":120,"column":8}},"loc":{"start":{"line":120,"column":18},"end":{"line":125,"column":5}},"line":120},"12":{"name":"(anonymous_12)","decl":{"start":{"line":127,"column":4},"end":{"line":127,"column":17}},"loc":{"start":{"line":127,"column":17},"end":{"line":127,"column":null}},"line":127},"13":{"name":"(anonymous_13)","decl":{"start":{"line":130,"column":20},"end":{"line":130,"column":27}},"loc":{"start":{"line":130,"column":80},"end":{"line":169,"column":null}},"line":130},"14":{"name":"(anonymous_14)","decl":{"start":{"line":141,"column":29},"end":{"line":141,"column":33}},"loc":{"start":{"line":141,"column":42},"end":{"line":149,"column":5}},"line":141},"15":{"name":"(anonymous_15)","decl":{"start":{"line":171,"column":20},"end":{"line":171,"column":32}},"loc":{"start":{"line":171,"column":32},"end":{"line":186,"column":null}},"line":171}},"branchMap":{"0":{"loc":{"start":{"line":75,"column":11},"end":{"line":75,"column":null}},"type":"binary-expr","locations":[{"start":{"line":75,"column":11},"end":{"line":75,"column":56}},{"start":{"line":75,"column":56},"end":{"line":75,"column":null}}],"line":75},"1":{"loc":{"start":{"line":81,"column":4},"end":{"line":84,"column":null}},"type":"if","locations":[{"start":{"line":81,"column":4},"end":{"line":84,"column":null}},{"start":{},"end":{}}],"line":81},"2":{"loc":{"start":{"line":81,"column":8},"end":{"line":81,"column":126}},"type":"binary-expr","locations":[{"start":{"line":81,"column":8},"end":{"line":81,"column":53}},{"start":{"line":81,"column":53},"end":{"line":81,"column":126}}],"line":81},"3":{"loc":{"start":{"line":87,"column":6},"end":{"line":91,"column":null}},"type":"if","locations":[{"start":{"line":87,"column":6},"end":{"line":91,"column":null}},{"start":{"line":89,"column":13},"end":{"line":91,"column":null}}],"line":87},"4":{"loc":{"start":{"line":99,"column":4},"end":{"line":99,"column":null}},"type":"if","locations":[{"start":{"line":99,"column":4},"end":{"line":99,"column":null}},{"start":{},"end":{}}],"line":99},"5":{"loc":{"start":{"line":104,"column":6},"end":{"line":118,"column":null}},"type":"if","locations":[{"start":{"line":104,"column":6},"end":{"line":118,"column":null}},{"start":{"line":110,"column":13},"end":{"line":118,"column":null}}],"line":104},"6":{"loc":{"start":{"line":106,"column":17},"end":{"line":106,"column":49}},"type":"binary-expr","locations":[{"start":{"line":106,"column":17},"end":{"line":106,"column":31}},{"start":{"line":106,"column":31},"end":{"line":106,"column":49}}],"line":106},"7":{"loc":{"start":{"line":107,"column":18},"end":{"line":107,"column":52}},"type":"binary-expr","locations":[{"start":{"line":107,"column":18},"end":{"line":107,"column":33}},{"start":{"line":107,"column":33},"end":{"line":107,"column":52}}],"line":107},"8":{"loc":{"start":{"line":108,"column":19},"end":{"line":108,"column":55}},"type":"binary-expr","locations":[{"start":{"line":108,"column":19},"end":{"line":108,"column":35}},{"start":{"line":108,"column":35},"end":{"line":108,"column":55}}],"line":108},"9":{"loc":{"start":{"line":109,"column":18},"end":{"line":109,"column":52}},"type":"binary-expr","locations":[{"start":{"line":109,"column":18},"end":{"line":109,"column":33}},{"start":{"line":109,"column":33},"end":{"line":109,"column":52}}],"line":109},"10":{"loc":{"start":{"line":142,"column":6},"end":{"line":147,"column":null}},"type":"if","locations":[{"start":{"line":142,"column":6},"end":{"line":147,"column":null}},{"start":{},"end":{}}],"line":142},"11":{"loc":{"start":{"line":142,"column":10},"end":{"line":142,"column":65}},"type":"binary-expr","locations":[{"start":{"line":142,"column":10},"end":{"line":142,"column":30}},{"start":{"line":142,"column":30},"end":{"line":142,"column":65}}],"line":142},"12":{"loc":{"start":{"line":145,"column":8},"end":{"line":145,"column":null}},"type":"if","locations":[{"start":{"line":145,"column":8},"end":{"line":145,"column":null}},{"start":{},"end":{}}],"line":145},"13":{"loc":{"start":{"line":160,"column":4},"end":{"line":168,"column":null}},"type":"if","locations":[{"start":{"line":160,"column":4},"end":{"line":168,"column":null}},{"start":{},"end":{}}],"line":160},"14":{"loc":{"start":{"line":177,"column":4},"end":{"line":185,"column":null}},"type":"if","locations":[{"start":{"line":177,"column":4},"end":{"line":185,"column":null}},{"start":{},"end":{}}],"line":177},"15":{"loc":{"start":{"line":188,"column":2},"end":{"line":190,"column":null}},"type":"if","locations":[{"start":{"line":188,"column":2},"end":{"line":190,"column":null}},{"start":{},"end":{}}],"line":188},"16":{"loc":{"start":{"line":188,"column":6},"end":{"line":188,"column":136}},"type":"binary-expr","locations":[{"start":{"line":188,"column":6},"end":{"line":188,"column":19}},{"start":{"line":188,"column":19},"end":{"line":188,"column":63}},{"start":{"line":188,"column":63},"end":{"line":188,"column":136}}],"line":188}},"s":{"0":4,"1":4,"2":8,"3":4,"4":7,"5":7,"6":7,"7":7,"8":7,"9":2,"10":7,"11":7,"12":2,"13":0,"14":0,"15":2,"16":2,"17":2,"18":0,"19":2,"20":2,"21":7,"22":4,"23":2,"24":2,"25":2,"26":2,"27":0,"28":0,"29":0,"30":0,"31":0,"32":2,"33":0,"34":2,"35":0,"36":0,"37":0,"38":2,"39":2,"40":7,"41":1,"42":1,"43":1,"44":1,"45":1,"46":2,"47":1,"48":1,"49":1,"50":1,"51":1,"52":1,"53":1,"54":1,"55":1,"56":1,"57":1,"58":1,"59":1,"60":1,"61":7,"62":0,"63":0,"64":0,"65":0,"66":0,"67":0,"68":0,"69":7,"70":4,"71":3},"f":{"0":0,"1":0,"2":8,"3":7,"4":2,"5":2,"6":2,"7":2,"8":4,"9":2,"10":0,"11":0,"12":2,"13":1,"14":2,"15":0},"b":{"0":[2,2],"1":[0,2],"2":[2,2],"3":[2,0],"4":[2,2],"5":[0,2],"6":[0,0],"7":[0,0],"8":[0,0],"9":[0,0],"10":[1,1],"11":[2,2],"12":[1,0],"13":[1,0],"14":[0,0],"15":[4,3],"16":[7,4,4]},"meta":{"lastBranch":17,"lastFunction":16,"lastStatement":72,"seen":{"s:35:31:63:Infinity":0,"f:61:2:61:19":0,"f:62:2:62:19":1,"s:65:13:65:Infinity":1,"s:67:13:67:Infinity":2,"f:67:13:67:28":2,"s:69:13:197:Infinity":3,"f:69:13:69:69":3,"s:70:16:70:Infinity":4,"s:71:17:71:Infinity":5,"s:72:18:72:Infinity":6,"s:73:17:73:Infinity":7,"s:74:19:76:Infinity":8,"f:74:34:74:49":4,"s:75:4:75:Infinity":9,"b:75:11:75:56:75:56:75:Infinity":0,"s:77:17:77:Infinity":10,"s:80:2:95:Infinity":11,"f:80:2:80:18":5,"b:81:4:84:Infinity:undefined:undefined:undefined:undefined":1,"s:81:4:84:Infinity":12,"b:81:8:81:53:81:53:81:126":2,"s:82:6:82:Infinity":13,"s:83:6:83:Infinity":14,"s:86:10:92:Infinity":15,"f:86:47:86:54":6,"b:87:6:91:Infinity:89:13:91:Infinity":3,"s:87:6:91:Infinity":16,"s:88:8:88:Infinity":17,"s:90:8:90:Infinity":18,"s:94:4:94:Infinity":19,"f:94:4:94:17":7,"s:94:17:94:Infinity":20,"s:98:2:128:Infinity":21,"f:98:2:98:18":8,"b:99:4:99:Infinity:undefined:undefined:undefined:undefined":4,"s:99:4:99:Infinity":22,"s:99:17:99:Infinity":23,"s:101:10:101:Infinity":24,"s:103:10:125:Infinity":25,"f:103:37:103:50":9,"b:104:6:118:Infinity:110:13:118:Infinity":5,"s:104:6:118:Infinity":26,"s:105:21:105:Infinity":27,"s:106:8:106:Infinity":28,"b:106:17:106:31:106:31:106:49":6,"s:107:8:107:Infinity":29,"b:107:18:107:33:107:33:107:52":7,"s:108:8:108:Infinity":30,"b:108:19:108:35:108:35:108:55":8,"s:109:8:109:Infinity":31,"b:109:18:109:33:109:33:109:52":9,"s:112:8:117:Infinity":32,"f:117:11:117:17":10,"s:117:24:117:70":33,"s:119:6:119:Infinity":34,"f:120:4:120:8":11,"s:121:6:121:Infinity":35,"s:123:6:123:Infinity":36,"s:124:6:124:Infinity":37,"s:127:4:127:Infinity":38,"f:127:4:127:17":12,"s:127:17:127:Infinity":39,"s:130:20:169:Infinity":40,"f:130:20:130:27":13,"s:131:21:131:Infinity":41,"s:132:36:137:Infinity":42,"s:138:23:138:Infinity":43,"s:140:23:140:Infinity":44,"s:141:22:149:Infinity":45,"f:141:29:141:33":14,"b:142:6:147:Infinity:undefined:undefined:undefined:undefined":10,"s:142:6:147:Infinity":46,"b:142:10:142:30:142:30:142:65":11,"s:143:25:143:Infinity":47,"s:144:28:144:Infinity":48,"b:145:8:145:Infinity:undefined:undefined:undefined:undefined":12,"s:145:8:145:Infinity":49,"s:145:25:145:Infinity":50,"s:146:8:146:Infinity":51,"s:148:6:148:Infinity":52,"s:151:22:151:Infinity":53,"s:154:4:154:Infinity":54,"s:155:4:155:Infinity":55,"s:156:4:156:Infinity":56,"s:157:4:157:Infinity":57,"b:160:4:168:Infinity:undefined:undefined:undefined:undefined":13,"s:160:4:168:Infinity":58,"s:161:14:161:Infinity":59,"s:162:8:167:Infinity":60,"s:171:20:186:Infinity":61,"f:171:20:171:32":15,"s:172:4:172:Infinity":62,"s:173:4:173:Infinity":63,"s:174:4:174:Infinity":64,"s:175:4:175:Infinity":65,"b:177:4:185:Infinity:undefined:undefined:undefined:undefined":14,"s:177:4:185:Infinity":66,"s:178:14:178:Infinity":67,"s:179:8:184:Infinity":68,"b:188:2:190:Infinity:undefined:undefined:undefined:undefined":15,"s:188:2:190:Infinity":69,"b:188:6:188:19:188:19:188:63:188:63:188:136":16,"s:189:5:189:Infinity":70,"s:192:2:195:Infinity":71}}}
,"/Users/samyak/Desktop/prototype/aura-eco-tracker/src/pages/Dashboard.tsx": {"path":"/Users/samyak/Desktop/prototype/aura-eco-tracker/src/pages/Dashboard.tsx","statementMap":{"0":{"start":{"line":13,"column":17},"end":{"line":13,"column":null}},"1":{"start":{"line":14,"column":21},"end":{"line":14,"column":null}},"2":{"start":{"line":16,"column":2},"end":{"line":29,"column":null}},"3":{"start":{"line":17,"column":20},"end":{"line":17,"column":null}},"4":{"start":{"line":19,"column":28},"end":{"line":24,"column":null}},"5":{"start":{"line":20,"column":23},"end":{"line":20,"column":null}},"6":{"start":{"line":21,"column":6},"end":{"line":23,"column":null}},"7":{"start":{"line":22,"column":8},"end":{"line":22,"column":null}},"8":{"start":{"line":26,"column":4},"end":{"line":26,"column":null}},"9":{"start":{"line":28,"column":4},"end":{"line":28,"column":null}},"10":{"start":{"line":28,"column":19},"end":{"line":28,"column":38}},"11":{"start":{"line":31,"column":2},"end":{"line":100,"column":null}}},"fnMap":{"0":{"name":"Dashboard","decl":{"start":{"line":12,"column":24},"end":{"line":12,"column":36}},"loc":{"start":{"line":12,"column":36},"end":{"line":102,"column":null}},"line":12},"1":{"name":"(anonymous_1)","decl":{"start":{"line":16,"column":2},"end":{"line":16,"column":18}},"loc":{"start":{"line":16,"column":18},"end":{"line":29,"column":5}},"line":16},"2":{"name":"(anonymous_2)","decl":{"start":{"line":19,"column":28},"end":{"line":19,"column":40}},"loc":{"start":{"line":19,"column":40},"end":{"line":24,"column":null}},"line":19},"3":{"name":"(anonymous_3)","decl":{"start":{"line":28,"column":4},"end":{"line":28,"column":17}},"loc":{"start":{"line":28,"column":17},"end":{"line":28,"column":null}},"line":28}},"branchMap":{"0":{"loc":{"start":{"line":21,"column":6},"end":{"line":23,"column":null}},"type":"if","locations":[{"start":{"line":21,"column":6},"end":{"line":23,"column":null}},{"start":{},"end":{}}],"line":21},"1":{"loc":{"start":{"line":21,"column":10},"end":{"line":21,"column":44}},"type":"binary-expr","locations":[{"start":{"line":21,"column":10},"end":{"line":21,"column":23}},{"start":{"line":21,"column":23},"end":{"line":21,"column":44}}],"line":21},"2":{"loc":{"start":{"line":46,"column":111},"end":{"line":46,"column":281}},"type":"cond-expr","locations":[{"start":{"line":46,"column":124},"end":{"line":46,"column":202}},{"start":{"line":46,"column":202},"end":{"line":46,"column":281}}],"line":46},"3":{"loc":{"start":{"line":46,"column":202},"end":{"line":46,"column":281}},"type":"cond-expr","locations":[{"start":{"line":46,"column":215},"end":{"line":46,"column":246}},{"start":{"line":46,"column":246},"end":{"line":46,"column":281}}],"line":46},"4":{"loc":{"start":{"line":46,"column":281},"end":{"line":46,"column":349}},"type":"cond-expr","locations":[{"start":{"line":46,"column":294},"end":{"line":46,"column":306}},{"start":{"line":46,"column":306},"end":{"line":46,"column":349}}],"line":46},"5":{"loc":{"start":{"line":46,"column":306},"end":{"line":46,"column":349}},"type":"cond-expr","locations":[{"start":{"line":46,"column":319},"end":{"line":46,"column":332}},{"start":{"line":46,"column":332},"end":{"line":46,"column":349}}],"line":46},"6":{"loc":{"start":{"line":73,"column":13},"end":{"line":78,"column":null}},"type":"binary-expr","locations":[{"start":{"line":73,"column":13},"end":{"line":73,"column":null}},{"start":{"line":74,"column":14},"end":{"line":78,"column":null}}],"line":73},"7":{"loc":{"start":{"line":96,"column":13},"end":{"line":96,"column":null}},"type":"binary-expr","locations":[{"start":{"line":96,"column":13},"end":{"line":96,"column":33}},{"start":{"line":96,"column":33},"end":{"line":96,"column":null}}],"line":96}},"s":{"0":2,"1":2,"2":2,"3":1,"4":1,"5":1,"6":1,"7":1,"8":1,"9":1,"10":1,"11":2},"f":{"0":2,"1":1,"2":1,"3":1},"b":{"0":[1,0],"1":[1,1],"2":[0,2],"3":[2,0],"4":[0,2],"5":[2,0],"6":[2,0],"7":[2,1]},"meta":{"lastBranch":8,"lastFunction":4,"lastStatement":12,"seen":{"f:12:24:12:36":0,"s:13:17:13:Infinity":0,"s:14:21:14:Infinity":1,"s:16:2:29:Infinity":2,"f:16:2:16:18":1,"s:17:20:17:Infinity":3,"s:19:28:24:Infinity":4,"f:19:28:19:40":2,"s:20:23:20:Infinity":5,"b:21:6:23:Infinity:undefined:undefined:undefined:undefined":0,"s:21:6:23:Infinity":6,"b:21:10:21:23:21:23:21:44":1,"s:22:8:22:Infinity":7,"s:26:4:26:Infinity":8,"s:28:4:28:Infinity":9,"f:28:4:28:17":3,"s:28:19:28:38":10,"s:31:2:100:Infinity":11,"b:46:124:46:202:46:202:46:281":2,"b:46:215:46:246:46:246:46:281":3,"b:46:294:46:306:46:306:46:349":4,"b:46:319:46:332:46:332:46:349":5,"b:73:13:73:Infinity:74:14:78:Infinity":6,"b:96:13:96:33:96:33:96:Infinity":7}}}
,"/Users/samyak/Desktop/prototype/aura-eco-tracker/src/pages/Insights.tsx": {"path":"/Users/samyak/Desktop/prototype/aura-eco-tracker/src/pages/Insights.tsx","statementMap":{"0":{"start":{"line":6,"column":32},"end":{"line":12,"column":null}},"1":{"start":{"line":14,"column":27},"end":{"line":17,"column":null}},"2":{"start":{"line":20,"column":19},"end":{"line":20,"column":null}},"3":{"start":{"line":21,"column":19},"end":{"line":21,"column":null}},"4":{"start":{"line":23,"column":2},"end":{"line":31,"column":null}},"5":{"start":{"line":24,"column":20},"end":{"line":24,"column":null}},"6":{"start":{"line":25,"column":26},"end":{"line":28,"column":null}},"7":{"start":{"line":26,"column":24},"end":{"line":26,"column":null}},"8":{"start":{"line":27,"column":6},"end":{"line":27,"column":null}},"9":{"start":{"line":27,"column":21},"end":{"line":27,"column":null}},"10":{"start":{"line":29,"column":4},"end":{"line":29,"column":null}},"11":{"start":{"line":30,"column":4},"end":{"line":30,"column":null}},"12":{"start":{"line":30,"column":19},"end":{"line":30,"column":38}},"13":{"start":{"line":33,"column":2},"end":{"line":84,"column":null}},"14":{"start":{"line":51,"column":14},"end":{"line":61,"column":null}},"15":{"start":{"line":75,"column":16},"end":{"line":78,"column":null}}},"fnMap":{"0":{"name":"Insights","decl":{"start":{"line":19,"column":24},"end":{"line":19,"column":35}},"loc":{"start":{"line":19,"column":35},"end":{"line":86,"column":null}},"line":19},"1":{"name":"(anonymous_1)","decl":{"start":{"line":23,"column":2},"end":{"line":23,"column":18}},"loc":{"start":{"line":23,"column":18},"end":{"line":31,"column":5}},"line":23},"2":{"name":"(anonymous_2)","decl":{"start":{"line":25,"column":26},"end":{"line":25,"column":38}},"loc":{"start":{"line":25,"column":38},"end":{"line":28,"column":null}},"line":25},"3":{"name":"(anonymous_3)","decl":{"start":{"line":30,"column":4},"end":{"line":30,"column":17}},"loc":{"start":{"line":30,"column":17},"end":{"line":30,"column":null}},"line":30},"4":{"name":"(anonymous_4)","decl":{"start":{"line":50,"column":22},"end":{"line":50,"column":26}},"loc":{"start":{"line":51,"column":14},"end":{"line":61,"column":null}},"line":51},"5":{"name":"(anonymous_5)","decl":{"start":{"line":74,"column":23},"end":{"line":74,"column":28}},"loc":{"start":{"line":75,"column":16},"end":{"line":78,"column":null}},"line":75}},"branchMap":{"0":{"loc":{"start":{"line":27,"column":6},"end":{"line":27,"column":null}},"type":"if","locations":[{"start":{"line":27,"column":6},"end":{"line":27,"column":null}},{"start":{},"end":{}}],"line":27},"1":{"loc":{"start":{"line":55,"column":18},"end":{"line":57,"column":null}},"type":"cond-expr","locations":[{"start":{"line":55,"column":46},"end":{"line":55,"column":null}},{"start":{"line":56,"column":18},"end":{"line":57,"column":null}}],"line":55},"2":{"loc":{"start":{"line":56,"column":18},"end":{"line":57,"column":null}},"type":"cond-expr","locations":[{"start":{"line":56,"column":50},"end":{"line":56,"column":null}},{"start":{"line":57,"column":18},"end":{"line":57,"column":null}}],"line":56},"3":{"loc":{"start":{"line":68,"column":11},"end":{"line":82,"column":null}},"type":"cond-expr","locations":[{"start":{"line":69,"column":12},"end":{"line":73,"column":13}},{"start":{"line":73,"column":12},"end":{"line":82,"column":null}}],"line":68}},"s":{"0":1,"1":1,"2":2,"3":2,"4":2,"5":1,"6":1,"7":1,"8":1,"9":1,"10":1,"11":1,"12":1,"13":2,"14":1,"15":2},"f":{"0":2,"1":1,"2":1,"3":1,"4":1,"5":2},"b":{"0":[1,0],"1":[1,0],"2":[0,0],"3":[0,2]},"meta":{"lastBranch":4,"lastFunction":6,"lastStatement":16,"seen":{"s:6:32:12:Infinity":0,"s:14:27:17:Infinity":1,"f:19:24:19:35":0,"s:20:19:20:Infinity":2,"s:21:19:21:Infinity":3,"s:23:2:31:Infinity":4,"f:23:2:23:18":1,"s:24:20:24:Infinity":5,"s:25:26:28:Infinity":6,"f:25:26:25:38":2,"s:26:24:26:Infinity":7,"b:27:6:27:Infinity:undefined:undefined:undefined:undefined":0,"s:27:6:27:Infinity":8,"s:27:21:27:Infinity":9,"s:29:4:29:Infinity":10,"s:30:4:30:Infinity":11,"f:30:4:30:17":3,"s:30:19:30:38":12,"s:33:2:84:Infinity":13,"f:50:22:50:26":4,"s:51:14:61:Infinity":14,"b:55:46:55:Infinity:56:18:57:Infinity":1,"b:56:50:56:Infinity:57:18:57:Infinity":2,"b:69:12:73:13:73:12:82:Infinity":3,"f:74:23:74:28":5,"s:75:16:78:Infinity":15}}}
,"/Users/samyak/Desktop/prototype/aura-eco-tracker/src/pages/Quests.tsx": {"path":"/Users/samyak/Desktop/prototype/aura-eco-tracker/src/pages/Quests.tsx","statementMap":{"0":{"start":{"line":5,"column":32},"end":{"line":11,"column":null}},"1":{"start":{"line":13,"column":27},"end":{"line":16,"column":null}},"2":{"start":{"line":19,"column":18},"end":{"line":19,"column":null}},"3":{"start":{"line":21,"column":2},"end":{"line":90,"column":null}},"4":{"start":{"line":48,"column":28},"end":{"line":48,"column":null}},"5":{"start":{"line":49,"column":10},"end":{"line":86,"column":null}}},"fnMap":{"0":{"name":"Quests","decl":{"start":{"line":18,"column":24},"end":{"line":18,"column":33}},"loc":{"start":{"line":18,"column":33},"end":{"line":92,"column":null}},"line":18},"1":{"name":"(anonymous_1)","decl":{"start":{"line":47,"column":16},"end":{"line":47,"column":20}},"loc":{"start":{"line":47,"column":29},"end":{"line":88,"column":9}},"line":47}},"branchMap":{"0":{"loc":{"start":{"line":50,"column":142},"end":{"line":50,"column":null}},"type":"cond-expr","locations":[{"start":{"line":50,"column":160},"end":{"line":50,"column":219}},{"start":{"line":50,"column":219},"end":{"line":50,"column":null}}],"line":50},"1":{"loc":{"start":{"line":51,"column":15},"end":{"line":54,"column":null}},"type":"binary-expr","locations":[{"start":{"line":51,"column":15},"end":{"line":51,"column":null}},{"start":{"line":52,"column":16},"end":{"line":54,"column":null}}],"line":51},"2":{"loc":{"start":{"line":57,"column":31},"end":{"line":57,"column":null}},"type":"binary-expr","locations":[{"start":{"line":57,"column":31},"end":{"line":57,"column":50}},{"start":{"line":57,"column":50},"end":{"line":57,"column":null}}],"line":57},"3":{"loc":{"start":{"line":62,"column":15},"end":{"line":84,"column":null}},"type":"cond-expr","locations":[{"start":{"line":63,"column":16},"end":{"line":81,"column":17}},{"start":{"line":81,"column":16},"end":{"line":84,"column":null}}],"line":62}},"s":{"0":1,"1":1,"2":1,"3":1,"4":1,"5":1},"f":{"0":1,"1":1},"b":{"0":[0,1],"1":[1,1],"2":[1,0],"3":[1,0]},"meta":{"lastBranch":4,"lastFunction":2,"lastStatement":6,"seen":{"s:5:32:11:Infinity":0,"s:13:27:16:Infinity":1,"f:18:24:18:33":0,"s:19:18:19:Infinity":2,"s:21:2:90:Infinity":3,"f:47:16:47:20":1,"s:48:28:48:Infinity":4,"s:49:10:86:Infinity":5,"b:50:160:50:219:50:219:50:Infinity":0,"b:51:15:51:Infinity:52:16:54:Infinity":1,"b:57:31:57:50:57:50:57:Infinity":2,"b:63:16:81:17:81:16:84:Infinity":3}}}
}
